<?xml version="1.0" encoding="UTF-8"?>
<testsuite xmlns:xsi="http://www.w3.org/2001/XMLSchema-instance" xsi:noNamespaceSchemaLocation="https://maven.apache.org/surefire/maven-surefire-plugin/xsd/surefire-test-report-3.0.xsd" version="3.0" name="iudx.catalogue.server.database.SummarizerTest" time="2.885" tests="1" errors="0" skipped="0" failures="0">
  <properties>
    <property name="java.specification.version" value="14"/>
    <property name="sun.jnu.encoding" value="UTF-8"/>
    <property name="java.class.path" value="/usr/share/app/target/test-classes:/usr/share/app/target/classes:/root/.m2/repository/io/vertx/vertx-codegen/3.9.0/vertx-codegen-3.9.0-processor.jar:/root/.m2/repository/com/fasterxml/jackson/core/jackson-core/2.10.2/jackson-core-2.10.2.jar:/root/.m2/repository/com/fasterxml/jackson/core/jackson-databind/2.10.2/jackson-databind-2.10.2.jar:/root/.m2/repository/com/fasterxml/jackson/core/jackson-annotations/2.10.2/jackson-annotations-2.10.2.jar:/root/.m2/repository/org/mvel/mvel2/2.3.1.Final/mvel2-2.3.1.Final.jar:/root/.m2/repository/io/vertx/vertx-service-proxy/3.9.0/vertx-service-proxy-3.9.0.jar:/root/.m2/repository/io/vertx/vertx-hazelcast/3.9.0/vertx-hazelcast-3.9.0.jar:/root/.m2/repository/com/hazelcast/hazelcast/3.12.2/hazelcast-3.12.2.jar:/root/.m2/repository/io/vertx/vertx-service-discovery/3.9.0/vertx-service-discovery-3.9.0.jar:/root/.m2/repository/io/vertx/vertx-core/3.9.0/vertx-core-3.9.0.jar:/root/.m2/repository/io/netty/netty-common/4.1.48.Final/netty-common-4.1.48.Final.jar:/root/.m2/repository/io/netty/netty-buffer/4.1.48.Final/netty-buffer-4.1.48.Final.jar:/root/.m2/repository/io/netty/netty-transport/4.1.48.Final/netty-transport-4.1.48.Final.jar:/root/.m2/repository/io/netty/netty-handler/4.1.48.Final/netty-handler-4.1.48.Final.jar:/root/.m2/repository/io/netty/netty-codec/4.1.48.Final/netty-codec-4.1.48.Final.jar:/root/.m2/repository/io/netty/netty-handler-proxy/4.1.48.Final/netty-handler-proxy-4.1.48.Final.jar:/root/.m2/repository/io/netty/netty-codec-socks/4.1.48.Final/netty-codec-socks-4.1.48.Final.jar:/root/.m2/repository/io/netty/netty-codec-http/4.1.48.Final/netty-codec-http-4.1.48.Final.jar:/root/.m2/repository/io/netty/netty-codec-http2/4.1.48.Final/netty-codec-http2-4.1.48.Final.jar:/root/.m2/repository/io/netty/netty-resolver/4.1.48.Final/netty-resolver-4.1.48.Final.jar:/root/.m2/repository/io/netty/netty-resolver-dns/4.1.48.Final/netty-resolver-dns-4.1.48.Final.jar:/root/.m2/repository/io/netty/netty-codec-dns/4.1.48.Final/netty-codec-dns-4.1.48.Final.jar:/root/.m2/repository/io/vertx/vertx-web/3.9.0/vertx-web-3.9.0.jar:/root/.m2/repository/io/vertx/vertx-web-common/3.9.0/vertx-web-common-3.9.0.jar:/root/.m2/repository/io/vertx/vertx-auth-common/3.9.0/vertx-auth-common-3.9.0.jar:/root/.m2/repository/io/vertx/vertx-bridge-common/3.9.0/vertx-bridge-common-3.9.0.jar:/root/.m2/repository/io/vertx/vertx-web-client/3.9.0/vertx-web-client-3.9.0.jar:/root/.m2/repository/org/apache/maven/plugins/maven-checkstyle-plugin/3.1.1/maven-checkstyle-plugin-3.1.1.jar:/root/.m2/repository/org/apache/maven/maven-artifact/3.0/maven-artifact-3.0.jar:/root/.m2/repository/org/apache/maven/maven-core/3.0/maven-core-3.0.jar:/root/.m2/repository/org/apache/maven/maven-settings/3.0/maven-settings-3.0.jar:/root/.m2/repository/org/apache/maven/maven-settings-builder/3.0/maven-settings-builder-3.0.jar:/root/.m2/repository/org/apache/maven/maven-repository-metadata/3.0/maven-repository-metadata-3.0.jar:/root/.m2/repository/org/apache/maven/maven-model-builder/3.0/maven-model-builder-3.0.jar:/root/.m2/repository/org/apache/maven/maven-aether-provider/3.0/maven-aether-provider-3.0.jar:/root/.m2/repository/org/sonatype/aether/aether-impl/1.7/aether-impl-1.7.jar:/root/.m2/repository/org/sonatype/aether/aether-spi/1.7/aether-spi-1.7.jar:/root/.m2/repository/org/sonatype/aether/aether-api/1.7/aether-api-1.7.jar:/root/.m2/repository/org/sonatype/aether/aether-util/1.7/aether-util-1.7.jar:/root/.m2/repository/org/sonatype/sisu/sisu-inject-plexus/1.4.2/sisu-inject-plexus-1.4.2.jar:/root/.m2/repository/org/sonatype/sisu/sisu-inject-bean/1.4.2/sisu-inject-bean-1.4.2.jar:/root/.m2/repository/org/sonatype/sisu/sisu-guice/2.1.7/sisu-guice-2.1.7-noaop.jar:/root/.m2/repository/org/codehaus/plexus/plexus-classworlds/2.2.3/plexus-classworlds-2.2.3.jar:/root/.m2/repository/org/sonatype/plexus/plexus-sec-dispatcher/1.3/plexus-sec-dispatcher-1.3.jar:/root/.m2/repository/org/sonatype/plexus/plexus-cipher/1.4/plexus-cipher-1.4.jar:/root/.m2/repository/org/apache/maven/maven-model/3.0/maven-model-3.0.jar:/root/.m2/repository/org/apache/maven/maven-plugin-api/3.0/maven-plugin-api-3.0.jar:/root/.m2/repository/org/apache/maven/reporting/maven-reporting-api/3.0/maven-reporting-api-3.0.jar:/root/.m2/repository/org/apache/maven/reporting/maven-reporting-impl/2.3/maven-reporting-impl-2.3.jar:/root/.m2/repository/org/apache/maven/shared/maven-shared-utils/0.6/maven-shared-utils-0.6.jar:/root/.m2/repository/org/apache/maven/doxia/doxia-core/1.2/doxia-core-1.2.jar:/root/.m2/repository/xerces/xercesImpl/2.9.1/xercesImpl-2.9.1.jar:/root/.m2/repository/xml-apis/xml-apis/1.3.04/xml-apis-1.3.04.jar:/root/.m2/repository/commons-validator/commons-validator/1.3.1/commons-validator-1.3.1.jar:/root/.m2/repository/commons-digester/commons-digester/1.6/commons-digester-1.6.jar:/root/.m2/repository/org/apache/maven/doxia/doxia-sink-api/1.4/doxia-sink-api-1.4.jar:/root/.m2/repository/org/apache/maven/doxia/doxia-logging-api/1.4/doxia-logging-api-1.4.jar:/root/.m2/repository/org/apache/maven/doxia/doxia-decoration-model/1.4/doxia-decoration-model-1.4.jar:/root/.m2/repository/org/apache/maven/doxia/doxia-site-renderer/1.4/doxia-site-renderer-1.4.jar:/root/.m2/repository/org/apache/maven/doxia/doxia-module-xhtml/1.4/doxia-module-xhtml-1.4.jar:/root/.m2/repository/org/apache/maven/doxia/doxia-module-fml/1.4/doxia-module-fml-1.4.jar:/root/.m2/repository/org/codehaus/plexus/plexus-i18n/1.0-beta-7/plexus-i18n-1.0-beta-7.jar:/root/.m2/repository/org/apache/velocity/velocity-tools/2.0/velocity-tools-2.0.jar:/root/.m2/repository/commons-chain/commons-chain/1.1/commons-chain-1.1.jar:/root/.m2/repository/dom4j/dom4j/1.1/dom4j-1.1.jar:/root/.m2/repository/oro/oro/2.0.8/oro-2.0.8.jar:/root/.m2/repository/sslext/sslext/1.2-0/sslext-1.2-0.jar:/root/.m2/repository/org/apache/struts/struts-core/1.3.8/struts-core-1.3.8.jar:/root/.m2/repository/org/apache/struts/struts-taglib/1.3.8/struts-taglib-1.3.8.jar:/root/.m2/repository/org/apache/struts/struts-tiles/1.3.8/struts-tiles-1.3.8.jar:/root/.m2/repository/org/apache/maven/doxia/doxia-integration-tools/1.6/doxia-integration-tools-1.6.jar:/root/.m2/repository/commons-io/commons-io/1.4/commons-io-1.4.jar:/root/.m2/repository/org/codehaus/plexus/plexus-container-default/1.0-alpha-9/plexus-container-default-1.0-alpha-9.jar:/root/.m2/repository/junit/junit/3.8.1/junit-3.8.1.jar:/root/.m2/repository/classworlds/classworlds/1.1-alpha-2/classworlds-1.1-alpha-2.jar:/root/.m2/repository/org/codehaus/plexus/plexus-component-annotations/2.0.0/plexus-component-annotations-2.0.0.jar:/root/.m2/repository/org/codehaus/plexus/plexus-resources/1.1.0/plexus-resources-1.1.0.jar:/root/.m2/repository/org/codehaus/plexus/plexus-utils/3.3.0/plexus-utils-3.3.0.jar:/root/.m2/repository/org/codehaus/plexus/plexus-interpolation/1.26/plexus-interpolation-1.26.jar:/root/.m2/repository/org/codehaus/plexus/plexus-velocity/1.2/plexus-velocity-1.2.jar:/root/.m2/repository/com/puppycrawl/tools/checkstyle/8.29/checkstyle-8.29.jar:/root/.m2/repository/info/picocli/picocli/4.1.4/picocli-4.1.4.jar:/root/.m2/repository/antlr/antlr/2.7.7/antlr-2.7.7.jar:/root/.m2/repository/org/antlr/antlr4-runtime/4.8-1/antlr4-runtime-4.8-1.jar:/root/.m2/repository/commons-beanutils/commons-beanutils/1.9.4/commons-beanutils-1.9.4.jar:/root/.m2/repository/net/sf/saxon/Saxon-HE/9.9.1-6/Saxon-HE-9.9.1-6.jar:/root/.m2/repository/org/apache/velocity/velocity/1.7/velocity-1.7.jar:/root/.m2/repository/commons-lang/commons-lang/2.4/commons-lang-2.4.jar:/root/.m2/repository/commons-collections/commons-collections/3.2.2/commons-collections-3.2.2.jar:/root/.m2/repository/javax/xml/bind/jaxb-api/2.3.1/jaxb-api-2.3.1.jar:/root/.m2/repository/javax/activation/javax.activation-api/1.2.0/javax.activation-api-1.2.0.jar:/root/.m2/repository/org/junit/jupiter/junit-jupiter-engine/5.5.2/junit-jupiter-engine-5.5.2.jar:/root/.m2/repository/org/apiguardian/apiguardian-api/1.1.0/apiguardian-api-1.1.0.jar:/root/.m2/repository/org/junit/platform/junit-platform-engine/1.5.2/junit-platform-engine-1.5.2.jar:/root/.m2/repository/org/opentest4j/opentest4j/1.2.0/opentest4j-1.2.0.jar:/root/.m2/repository/org/junit/platform/junit-platform-commons/1.5.2/junit-platform-commons-1.5.2.jar:/root/.m2/repository/org/junit/jupiter/junit-jupiter-api/5.5.2/junit-jupiter-api-5.5.2.jar:/root/.m2/repository/io/vertx/vertx-junit5/3.9.0/vertx-junit5-3.9.0.jar:/root/.m2/repository/io/vertx/vertx-rx-java/3.9.0/vertx-rx-java-3.9.0.jar:/root/.m2/repository/io/reactivex/rxjava/1.3.8/rxjava-1.3.8.jar:/root/.m2/repository/io/vertx/vertx-rx-gen/3.9.0/vertx-rx-gen-3.9.0.jar:/root/.m2/repository/io/vertx/vertx-codegen/3.9.0/vertx-codegen-3.9.0.jar:/root/.m2/repository/io/vertx/vertx-rx-java2/3.9.0/vertx-rx-java2-3.9.0.jar:/root/.m2/repository/io/reactivex/rxjava2/rxjava/2.2.12/rxjava-2.2.12.jar:/root/.m2/repository/org/reactivestreams/reactive-streams/1.0.3/reactive-streams-1.0.3.jar:/root/.m2/repository/org/elasticsearch/client/elasticsearch-rest-client/7.7.1/elasticsearch-rest-client-7.7.1.jar:/root/.m2/repository/org/apache/httpcomponents/httpclient/4.5.10/httpclient-4.5.10.jar:/root/.m2/repository/org/apache/httpcomponents/httpcore/4.4.12/httpcore-4.4.12.jar:/root/.m2/repository/org/apache/httpcomponents/httpasyncclient/4.1.4/httpasyncclient-4.1.4.jar:/root/.m2/repository/org/apache/httpcomponents/httpcore-nio/4.4.12/httpcore-nio-4.4.12.jar:/root/.m2/repository/commons-codec/commons-codec/1.11/commons-codec-1.11.jar:/root/.m2/repository/commons-logging/commons-logging/1.1.3/commons-logging-1.1.3.jar:/root/.m2/repository/com/github/java-json-tools/json-schema-validator/2.2.12/json-schema-validator-2.2.12.jar:/root/.m2/repository/com/google/guava/guava/28.1-android/guava-28.1-android.jar:/root/.m2/repository/com/google/guava/failureaccess/1.0.1/failureaccess-1.0.1.jar:/root/.m2/repository/com/google/guava/listenablefuture/9999.0-empty-to-avoid-conflict-with-guava/listenablefuture-9999.0-empty-to-avoid-conflict-with-guava.jar:/root/.m2/repository/org/checkerframework/checker-compat-qual/2.5.5/checker-compat-qual-2.5.5.jar:/root/.m2/repository/com/google/errorprone/error_prone_annotations/2.3.2/error_prone_annotations-2.3.2.jar:/root/.m2/repository/com/google/j2objc/j2objc-annotations/1.3/j2objc-annotations-1.3.jar:/root/.m2/repository/org/codehaus/mojo/animal-sniffer-annotations/1.18/animal-sniffer-annotations-1.18.jar:/root/.m2/repository/com/github/java-json-tools/json-schema-core/1.2.12/json-schema-core-1.2.12.jar:/root/.m2/repository/com/github/java-json-tools/jackson-coreutils/1.11/jackson-coreutils-1.11.jar:/root/.m2/repository/com/github/java-json-tools/msg-simple/1.2/msg-simple-1.2.jar:/root/.m2/repository/com/github/java-json-tools/btf/1.3/btf-1.3.jar:/root/.m2/repository/com/github/java-json-tools/uri-template/0.10/uri-template-0.10.jar:/root/.m2/repository/org/mozilla/rhino/1.7.7.2/rhino-1.7.7.2.jar:/root/.m2/repository/com/sun/mail/mailapi/1.6.1/mailapi-1.6.1.jar:/root/.m2/repository/javax/activation/activation/1.1/activation-1.1.jar:/root/.m2/repository/joda-time/joda-time/2.9.7/joda-time-2.9.7.jar:/root/.m2/repository/com/googlecode/libphonenumber/libphonenumber/8.10.22/libphonenumber-8.10.22.jar:/root/.m2/repository/com/google/code/findbugs/jsr305/3.0.2/jsr305-3.0.2.jar:/root/.m2/repository/net/sf/jopt-simple/jopt-simple/5.0.3/jopt-simple-5.0.3.jar:/root/.m2/repository/org/apache/logging/log4j/log4j-core/2.13.3/log4j-core-2.13.3.jar:/root/.m2/repository/org/apache/logging/log4j/log4j-api/2.13.3/log4j-api-2.13.3.jar:/root/.m2/repository/io/vertx/vertx-micrometer-metrics/3.9.2/vertx-micrometer-metrics-3.9.2.jar:/root/.m2/repository/org/hdrhistogram/HdrHistogram/2.1.10/HdrHistogram-2.1.10.jar:/root/.m2/repository/io/micrometer/micrometer-core/1.5.2/micrometer-core-1.5.2.jar:/root/.m2/repository/org/latencyutils/LatencyUtils/2.0.3/LatencyUtils-2.0.3.jar:/root/.m2/repository/io/micrometer/micrometer-registry-prometheus/1.5.2/micrometer-registry-prometheus-1.5.2.jar:/root/.m2/repository/io/prometheus/simpleclient_common/0.8.1/simpleclient_common-0.8.1.jar:/root/.m2/repository/io/prometheus/simpleclient/0.8.1/simpleclient-0.8.1.jar:/root/.m2/repository/com/lmax/disruptor/3.4.2/disruptor-3.4.2.jar:/root/.m2/repository/com/hazelcast/hazelcast-zookeeper/3.6.3/hazelcast-zookeeper-3.6.3.jar:/root/.m2/repository/org/apache/curator/curator-x-discovery/4.0.1/curator-x-discovery-4.0.1.jar:/root/.m2/repository/org/apache/curator/curator-recipes/4.0.1/curator-recipes-4.0.1.jar:/root/.m2/repository/org/apache/curator/curator-framework/4.0.1/curator-framework-4.0.1.jar:/root/.m2/repository/org/apache/curator/curator-client/4.0.1/curator-client-4.0.1.jar:/root/.m2/repository/org/apache/zookeeper/zookeeper/3.5.3-beta/zookeeper-3.5.3-beta.jar:/root/.m2/repository/commons-cli/commons-cli/1.2/commons-cli-1.2.jar:/root/.m2/repository/log4j/log4j/1.2.17/log4j-1.2.17.jar:/root/.m2/repository/io/netty/netty/3.10.5.Final/netty-3.10.5.Final.jar:/root/.m2/repository/org/slf4j/slf4j-api/1.7.6/slf4j-api-1.7.6.jar:/root/.m2/repository/org/codehaus/jackson/jackson-mapper-asl/1.9.13/jackson-mapper-asl-1.9.13.jar:/root/.m2/repository/org/codehaus/jackson/jackson-core-asl/1.9.13/jackson-core-asl-1.9.13.jar:"/>
    <property name="java.vm.vendor" value="Oracle Corporation"/>
    <property name="sun.arch.data.model" value="64"/>
    <property name="java.vendor.url" value="https://java.oracle.com/"/>
    <property name="user.timezone" value="UTC"/>
    <property name="os.name" value="Linux"/>
    <property name="java.vm.specification.version" value="14"/>
    <property name="sun.java.launcher" value="SUN_STANDARD"/>
    <property name="sun.boot.library.path" value="/usr/java/openjdk-14/lib"/>
    <property name="sun.java.command" value="/usr/share/app/target/surefire/surefirebooter8545956717983858545.jar /usr/share/app/target/surefire 2020-11-02T07-41-00_347-jvmRun1 surefire15588381529402901320tmp surefire_05505270308424449748tmp"/>
    <property name="jdk.debug" value="release"/>
    <property name="test" value="SummarizerTest"/>
    <property name="surefire.test.class.path" value="/usr/share/app/target/test-classes:/usr/share/app/target/classes:/root/.m2/repository/io/vertx/vertx-codegen/3.9.0/vertx-codegen-3.9.0-processor.jar:/root/.m2/repository/com/fasterxml/jackson/core/jackson-core/2.10.2/jackson-core-2.10.2.jar:/root/.m2/repository/com/fasterxml/jackson/core/jackson-databind/2.10.2/jackson-databind-2.10.2.jar:/root/.m2/repository/com/fasterxml/jackson/core/jackson-annotations/2.10.2/jackson-annotations-2.10.2.jar:/root/.m2/repository/org/mvel/mvel2/2.3.1.Final/mvel2-2.3.1.Final.jar:/root/.m2/repository/io/vertx/vertx-service-proxy/3.9.0/vertx-service-proxy-3.9.0.jar:/root/.m2/repository/io/vertx/vertx-hazelcast/3.9.0/vertx-hazelcast-3.9.0.jar:/root/.m2/repository/com/hazelcast/hazelcast/3.12.2/hazelcast-3.12.2.jar:/root/.m2/repository/io/vertx/vertx-service-discovery/3.9.0/vertx-service-discovery-3.9.0.jar:/root/.m2/repository/io/vertx/vertx-core/3.9.0/vertx-core-3.9.0.jar:/root/.m2/repository/io/netty/netty-common/4.1.48.Final/netty-common-4.1.48.Final.jar:/root/.m2/repository/io/netty/netty-buffer/4.1.48.Final/netty-buffer-4.1.48.Final.jar:/root/.m2/repository/io/netty/netty-transport/4.1.48.Final/netty-transport-4.1.48.Final.jar:/root/.m2/repository/io/netty/netty-handler/4.1.48.Final/netty-handler-4.1.48.Final.jar:/root/.m2/repository/io/netty/netty-codec/4.1.48.Final/netty-codec-4.1.48.Final.jar:/root/.m2/repository/io/netty/netty-handler-proxy/4.1.48.Final/netty-handler-proxy-4.1.48.Final.jar:/root/.m2/repository/io/netty/netty-codec-socks/4.1.48.Final/netty-codec-socks-4.1.48.Final.jar:/root/.m2/repository/io/netty/netty-codec-http/4.1.48.Final/netty-codec-http-4.1.48.Final.jar:/root/.m2/repository/io/netty/netty-codec-http2/4.1.48.Final/netty-codec-http2-4.1.48.Final.jar:/root/.m2/repository/io/netty/netty-resolver/4.1.48.Final/netty-resolver-4.1.48.Final.jar:/root/.m2/repository/io/netty/netty-resolver-dns/4.1.48.Final/netty-resolver-dns-4.1.48.Final.jar:/root/.m2/repository/io/netty/netty-codec-dns/4.1.48.Final/netty-codec-dns-4.1.48.Final.jar:/root/.m2/repository/io/vertx/vertx-web/3.9.0/vertx-web-3.9.0.jar:/root/.m2/repository/io/vertx/vertx-web-common/3.9.0/vertx-web-common-3.9.0.jar:/root/.m2/repository/io/vertx/vertx-auth-common/3.9.0/vertx-auth-common-3.9.0.jar:/root/.m2/repository/io/vertx/vertx-bridge-common/3.9.0/vertx-bridge-common-3.9.0.jar:/root/.m2/repository/io/vertx/vertx-web-client/3.9.0/vertx-web-client-3.9.0.jar:/root/.m2/repository/org/apache/maven/plugins/maven-checkstyle-plugin/3.1.1/maven-checkstyle-plugin-3.1.1.jar:/root/.m2/repository/org/apache/maven/maven-artifact/3.0/maven-artifact-3.0.jar:/root/.m2/repository/org/apache/maven/maven-core/3.0/maven-core-3.0.jar:/root/.m2/repository/org/apache/maven/maven-settings/3.0/maven-settings-3.0.jar:/root/.m2/repository/org/apache/maven/maven-settings-builder/3.0/maven-settings-builder-3.0.jar:/root/.m2/repository/org/apache/maven/maven-repository-metadata/3.0/maven-repository-metadata-3.0.jar:/root/.m2/repository/org/apache/maven/maven-model-builder/3.0/maven-model-builder-3.0.jar:/root/.m2/repository/org/apache/maven/maven-aether-provider/3.0/maven-aether-provider-3.0.jar:/root/.m2/repository/org/sonatype/aether/aether-impl/1.7/aether-impl-1.7.jar:/root/.m2/repository/org/sonatype/aether/aether-spi/1.7/aether-spi-1.7.jar:/root/.m2/repository/org/sonatype/aether/aether-api/1.7/aether-api-1.7.jar:/root/.m2/repository/org/sonatype/aether/aether-util/1.7/aether-util-1.7.jar:/root/.m2/repository/org/sonatype/sisu/sisu-inject-plexus/1.4.2/sisu-inject-plexus-1.4.2.jar:/root/.m2/repository/org/sonatype/sisu/sisu-inject-bean/1.4.2/sisu-inject-bean-1.4.2.jar:/root/.m2/repository/org/sonatype/sisu/sisu-guice/2.1.7/sisu-guice-2.1.7-noaop.jar:/root/.m2/repository/org/codehaus/plexus/plexus-classworlds/2.2.3/plexus-classworlds-2.2.3.jar:/root/.m2/repository/org/sonatype/plexus/plexus-sec-dispatcher/1.3/plexus-sec-dispatcher-1.3.jar:/root/.m2/repository/org/sonatype/plexus/plexus-cipher/1.4/plexus-cipher-1.4.jar:/root/.m2/repository/org/apache/maven/maven-model/3.0/maven-model-3.0.jar:/root/.m2/repository/org/apache/maven/maven-plugin-api/3.0/maven-plugin-api-3.0.jar:/root/.m2/repository/org/apache/maven/reporting/maven-reporting-api/3.0/maven-reporting-api-3.0.jar:/root/.m2/repository/org/apache/maven/reporting/maven-reporting-impl/2.3/maven-reporting-impl-2.3.jar:/root/.m2/repository/org/apache/maven/shared/maven-shared-utils/0.6/maven-shared-utils-0.6.jar:/root/.m2/repository/org/apache/maven/doxia/doxia-core/1.2/doxia-core-1.2.jar:/root/.m2/repository/xerces/xercesImpl/2.9.1/xercesImpl-2.9.1.jar:/root/.m2/repository/xml-apis/xml-apis/1.3.04/xml-apis-1.3.04.jar:/root/.m2/repository/commons-validator/commons-validator/1.3.1/commons-validator-1.3.1.jar:/root/.m2/repository/commons-digester/commons-digester/1.6/commons-digester-1.6.jar:/root/.m2/repository/org/apache/maven/doxia/doxia-sink-api/1.4/doxia-sink-api-1.4.jar:/root/.m2/repository/org/apache/maven/doxia/doxia-logging-api/1.4/doxia-logging-api-1.4.jar:/root/.m2/repository/org/apache/maven/doxia/doxia-decoration-model/1.4/doxia-decoration-model-1.4.jar:/root/.m2/repository/org/apache/maven/doxia/doxia-site-renderer/1.4/doxia-site-renderer-1.4.jar:/root/.m2/repository/org/apache/maven/doxia/doxia-module-xhtml/1.4/doxia-module-xhtml-1.4.jar:/root/.m2/repository/org/apache/maven/doxia/doxia-module-fml/1.4/doxia-module-fml-1.4.jar:/root/.m2/repository/org/codehaus/plexus/plexus-i18n/1.0-beta-7/plexus-i18n-1.0-beta-7.jar:/root/.m2/repository/org/apache/velocity/velocity-tools/2.0/velocity-tools-2.0.jar:/root/.m2/repository/commons-chain/commons-chain/1.1/commons-chain-1.1.jar:/root/.m2/repository/dom4j/dom4j/1.1/dom4j-1.1.jar:/root/.m2/repository/oro/oro/2.0.8/oro-2.0.8.jar:/root/.m2/repository/sslext/sslext/1.2-0/sslext-1.2-0.jar:/root/.m2/repository/org/apache/struts/struts-core/1.3.8/struts-core-1.3.8.jar:/root/.m2/repository/org/apache/struts/struts-taglib/1.3.8/struts-taglib-1.3.8.jar:/root/.m2/repository/org/apache/struts/struts-tiles/1.3.8/struts-tiles-1.3.8.jar:/root/.m2/repository/org/apache/maven/doxia/doxia-integration-tools/1.6/doxia-integration-tools-1.6.jar:/root/.m2/repository/commons-io/commons-io/1.4/commons-io-1.4.jar:/root/.m2/repository/org/codehaus/plexus/plexus-container-default/1.0-alpha-9/plexus-container-default-1.0-alpha-9.jar:/root/.m2/repository/junit/junit/3.8.1/junit-3.8.1.jar:/root/.m2/repository/classworlds/classworlds/1.1-alpha-2/classworlds-1.1-alpha-2.jar:/root/.m2/repository/org/codehaus/plexus/plexus-component-annotations/2.0.0/plexus-component-annotations-2.0.0.jar:/root/.m2/repository/org/codehaus/plexus/plexus-resources/1.1.0/plexus-resources-1.1.0.jar:/root/.m2/repository/org/codehaus/plexus/plexus-utils/3.3.0/plexus-utils-3.3.0.jar:/root/.m2/repository/org/codehaus/plexus/plexus-interpolation/1.26/plexus-interpolation-1.26.jar:/root/.m2/repository/org/codehaus/plexus/plexus-velocity/1.2/plexus-velocity-1.2.jar:/root/.m2/repository/com/puppycrawl/tools/checkstyle/8.29/checkstyle-8.29.jar:/root/.m2/repository/info/picocli/picocli/4.1.4/picocli-4.1.4.jar:/root/.m2/repository/antlr/antlr/2.7.7/antlr-2.7.7.jar:/root/.m2/repository/org/antlr/antlr4-runtime/4.8-1/antlr4-runtime-4.8-1.jar:/root/.m2/repository/commons-beanutils/commons-beanutils/1.9.4/commons-beanutils-1.9.4.jar:/root/.m2/repository/net/sf/saxon/Saxon-HE/9.9.1-6/Saxon-HE-9.9.1-6.jar:/root/.m2/repository/org/apache/velocity/velocity/1.7/velocity-1.7.jar:/root/.m2/repository/commons-lang/commons-lang/2.4/commons-lang-2.4.jar:/root/.m2/repository/commons-collections/commons-collections/3.2.2/commons-collections-3.2.2.jar:/root/.m2/repository/javax/xml/bind/jaxb-api/2.3.1/jaxb-api-2.3.1.jar:/root/.m2/repository/javax/activation/javax.activation-api/1.2.0/javax.activation-api-1.2.0.jar:/root/.m2/repository/org/junit/jupiter/junit-jupiter-engine/5.5.2/junit-jupiter-engine-5.5.2.jar:/root/.m2/repository/org/apiguardian/apiguardian-api/1.1.0/apiguardian-api-1.1.0.jar:/root/.m2/repository/org/junit/platform/junit-platform-engine/1.5.2/junit-platform-engine-1.5.2.jar:/root/.m2/repository/org/opentest4j/opentest4j/1.2.0/opentest4j-1.2.0.jar:/root/.m2/repository/org/junit/platform/junit-platform-commons/1.5.2/junit-platform-commons-1.5.2.jar:/root/.m2/repository/org/junit/jupiter/junit-jupiter-api/5.5.2/junit-jupiter-api-5.5.2.jar:/root/.m2/repository/io/vertx/vertx-junit5/3.9.0/vertx-junit5-3.9.0.jar:/root/.m2/repository/io/vertx/vertx-rx-java/3.9.0/vertx-rx-java-3.9.0.jar:/root/.m2/repository/io/reactivex/rxjava/1.3.8/rxjava-1.3.8.jar:/root/.m2/repository/io/vertx/vertx-rx-gen/3.9.0/vertx-rx-gen-3.9.0.jar:/root/.m2/repository/io/vertx/vertx-codegen/3.9.0/vertx-codegen-3.9.0.jar:/root/.m2/repository/io/vertx/vertx-rx-java2/3.9.0/vertx-rx-java2-3.9.0.jar:/root/.m2/repository/io/reactivex/rxjava2/rxjava/2.2.12/rxjava-2.2.12.jar:/root/.m2/repository/org/reactivestreams/reactive-streams/1.0.3/reactive-streams-1.0.3.jar:/root/.m2/repository/org/elasticsearch/client/elasticsearch-rest-client/7.7.1/elasticsearch-rest-client-7.7.1.jar:/root/.m2/repository/org/apache/httpcomponents/httpclient/4.5.10/httpclient-4.5.10.jar:/root/.m2/repository/org/apache/httpcomponents/httpcore/4.4.12/httpcore-4.4.12.jar:/root/.m2/repository/org/apache/httpcomponents/httpasyncclient/4.1.4/httpasyncclient-4.1.4.jar:/root/.m2/repository/org/apache/httpcomponents/httpcore-nio/4.4.12/httpcore-nio-4.4.12.jar:/root/.m2/repository/commons-codec/commons-codec/1.11/commons-codec-1.11.jar:/root/.m2/repository/commons-logging/commons-logging/1.1.3/commons-logging-1.1.3.jar:/root/.m2/repository/com/github/java-json-tools/json-schema-validator/2.2.12/json-schema-validator-2.2.12.jar:/root/.m2/repository/com/google/guava/guava/28.1-android/guava-28.1-android.jar:/root/.m2/repository/com/google/guava/failureaccess/1.0.1/failureaccess-1.0.1.jar:/root/.m2/repository/com/google/guava/listenablefuture/9999.0-empty-to-avoid-conflict-with-guava/listenablefuture-9999.0-empty-to-avoid-conflict-with-guava.jar:/root/.m2/repository/org/checkerframework/checker-compat-qual/2.5.5/checker-compat-qual-2.5.5.jar:/root/.m2/repository/com/google/errorprone/error_prone_annotations/2.3.2/error_prone_annotations-2.3.2.jar:/root/.m2/repository/com/google/j2objc/j2objc-annotations/1.3/j2objc-annotations-1.3.jar:/root/.m2/repository/org/codehaus/mojo/animal-sniffer-annotations/1.18/animal-sniffer-annotations-1.18.jar:/root/.m2/repository/com/github/java-json-tools/json-schema-core/1.2.12/json-schema-core-1.2.12.jar:/root/.m2/repository/com/github/java-json-tools/jackson-coreutils/1.11/jackson-coreutils-1.11.jar:/root/.m2/repository/com/github/java-json-tools/msg-simple/1.2/msg-simple-1.2.jar:/root/.m2/repository/com/github/java-json-tools/btf/1.3/btf-1.3.jar:/root/.m2/repository/com/github/java-json-tools/uri-template/0.10/uri-template-0.10.jar:/root/.m2/repository/org/mozilla/rhino/1.7.7.2/rhino-1.7.7.2.jar:/root/.m2/repository/com/sun/mail/mailapi/1.6.1/mailapi-1.6.1.jar:/root/.m2/repository/javax/activation/activation/1.1/activation-1.1.jar:/root/.m2/repository/joda-time/joda-time/2.9.7/joda-time-2.9.7.jar:/root/.m2/repository/com/googlecode/libphonenumber/libphonenumber/8.10.22/libphonenumber-8.10.22.jar:/root/.m2/repository/com/google/code/findbugs/jsr305/3.0.2/jsr305-3.0.2.jar:/root/.m2/repository/net/sf/jopt-simple/jopt-simple/5.0.3/jopt-simple-5.0.3.jar:/root/.m2/repository/org/apache/logging/log4j/log4j-core/2.13.3/log4j-core-2.13.3.jar:/root/.m2/repository/org/apache/logging/log4j/log4j-api/2.13.3/log4j-api-2.13.3.jar:/root/.m2/repository/io/vertx/vertx-micrometer-metrics/3.9.2/vertx-micrometer-metrics-3.9.2.jar:/root/.m2/repository/org/hdrhistogram/HdrHistogram/2.1.10/HdrHistogram-2.1.10.jar:/root/.m2/repository/io/micrometer/micrometer-core/1.5.2/micrometer-core-1.5.2.jar:/root/.m2/repository/org/latencyutils/LatencyUtils/2.0.3/LatencyUtils-2.0.3.jar:/root/.m2/repository/io/micrometer/micrometer-registry-prometheus/1.5.2/micrometer-registry-prometheus-1.5.2.jar:/root/.m2/repository/io/prometheus/simpleclient_common/0.8.1/simpleclient_common-0.8.1.jar:/root/.m2/repository/io/prometheus/simpleclient/0.8.1/simpleclient-0.8.1.jar:/root/.m2/repository/com/lmax/disruptor/3.4.2/disruptor-3.4.2.jar:/root/.m2/repository/com/hazelcast/hazelcast-zookeeper/3.6.3/hazelcast-zookeeper-3.6.3.jar:/root/.m2/repository/org/apache/curator/curator-x-discovery/4.0.1/curator-x-discovery-4.0.1.jar:/root/.m2/repository/org/apache/curator/curator-recipes/4.0.1/curator-recipes-4.0.1.jar:/root/.m2/repository/org/apache/curator/curator-framework/4.0.1/curator-framework-4.0.1.jar:/root/.m2/repository/org/apache/curator/curator-client/4.0.1/curator-client-4.0.1.jar:/root/.m2/repository/org/apache/zookeeper/zookeeper/3.5.3-beta/zookeeper-3.5.3-beta.jar:/root/.m2/repository/commons-cli/commons-cli/1.2/commons-cli-1.2.jar:/root/.m2/repository/log4j/log4j/1.2.17/log4j-1.2.17.jar:/root/.m2/repository/io/netty/netty/3.10.5.Final/netty-3.10.5.Final.jar:/root/.m2/repository/org/slf4j/slf4j-api/1.7.6/slf4j-api-1.7.6.jar:/root/.m2/repository/org/codehaus/jackson/jackson-mapper-asl/1.9.13/jackson-mapper-asl-1.9.13.jar:/root/.m2/repository/org/codehaus/jackson/jackson-core-asl/1.9.13/jackson-core-asl-1.9.13.jar:"/>
    <property name="sun.cpu.endian" value="little"/>
    <property name="user.home" value="/root"/>
    <property name="user.language" value="en"/>
    <property name="java.specification.vendor" value="Oracle Corporation"/>
    <property name="java.version.date" value="2020-07-14"/>
    <property name="java.home" value="/usr/java/openjdk-14"/>
    <property name="file.separator" value="/"/>
    <property name="basedir" value="/usr/share/app"/>
    <property name="java.vm.compressedOopsMode" value="32-bit"/>
    <property name="line.separator" value="&#10;"/>
    <property name="java.vm.specification.vendor" value="Oracle Corporation"/>
    <property name="java.specification.name" value="Java Platform API Specification"/>
    <property name="surefire.real.class.path" value="/usr/share/app/target/surefire/surefirebooter8545956717983858545.jar"/>
    <property name="sun.management.compiler" value="HotSpot 64-Bit Tiered Compilers"/>
    <property name="java.runtime.version" value="14.0.2+12-46"/>
    <property name="user.name" value="root"/>
    <property name="path.separator" value=":"/>
    <property name="os.version" value="5.4.0-45-generic"/>
    <property name="java.runtime.name" value="OpenJDK Runtime Environment"/>
    <property name="file.encoding" value="UTF-8"/>
    <property name="java.vm.name" value="OpenJDK 64-Bit Server VM"/>
    <property name="localRepository" value="/root/.m2/repository"/>
    <property name="java.vendor.url.bug" value="https://bugreport.java.com/bugreport/"/>
    <property name="java.io.tmpdir" value="/tmp"/>
    <property name="java.version" value="14.0.2"/>
    <property name="user.dir" value="/usr/share/app"/>
    <property name="os.arch" value="amd64"/>
    <property name="java.vm.specification.name" value="Java Virtual Machine Specification"/>
    <property name="java.library.path" value="/usr/java/packages/lib:/usr/lib64:/lib64:/lib:/usr/lib"/>
    <property name="java.vm.info" value="mixed mode, sharing"/>
    <property name="java.vendor" value="Oracle Corporation"/>
    <property name="java.vm.version" value="14.0.2+12-46"/>
    <property name="sun.io.unicode.encoding" value="UnicodeLittle"/>
    <property name="java.class.version" value="58.0"/>
  </properties>
  <testcase name="summarize(VertxTestContext)" classname="iudx.catalogue.server.database.SummarizerTest" time="0.167">
    <system-out><![CDATA[2020-11-02 07:41:05,415 main WARN No Root logger was configured, creating default ERROR-level Root logger with Console appender
[&amp#27;[m11-02 07:41:05&amp#27;[m][&amp#27;[32mINFO&amp#27;[m][iudx.catalogue.server.database.SummarizerTest]&amp#27;[m:&amp#27;[miudx thisisiudx a b c some description,with characters  co2 high no2 low medium  
]]></system-out>
  </testcase>
</testsuite>